# JRE version: OpenJDK Runtime Environment (8.0_242-b01) (build 1.8.0_242-release-1644-b01)
# Java VM: OpenJDK 64-Bit Server VM (25.242-b01 mixed mode windows-amd64 compressed oops)
Heap:
 PSYoungGen      total 378368K, used 216910K [0x00000000d5580000, 0x00000000f0000000, 0x0000000100000000)
  eden space 324096K, 59% used [0x00000000d5580000,0x00000000e1356e08,0x00000000e9200000)
  from space 54272K, 41% used [0x00000000ec400000,0x00000000ed9fcb20,0x00000000ef900000)
  to   space 51200K, 0% used [0x00000000e9200000,0x00000000e9200000,0x00000000ec400000)
 ParOldGen       total 215040K, used 151802K [0x0000000080000000, 0x000000008d200000, 0x00000000d5580000)
  object space 215040K, 70% used [0x0000000080000000,0x000000008943e940,0x000000008d200000)
 Metaspace       used 91661K, capacity 96327K, committed 96536K, reserved 1132544K
  class space    used 12049K, capacity 12958K, committed 13104K, reserved 1048576K
GC Heap History (10 events):
Event: 75.807 GC heap before
{Heap before GC invocations=16 (full 3):
 PSYoungGen      total 280064K, used 271467K [0x00000000d5580000, 0x00000000e8600000, 0x0000000100000000)
  eden space 257536K, 100% used [0x00000000d5580000,0x00000000e5100000,0x00000000e5100000)
  from space 22528K, 61% used [0x00000000e7000000,0x00000000e7d9ac78,0x00000000e8600000)
  to   space 27136K, 0% used [0x00000000e5100000,0x00000000e5100000,0x00000000e6b80000)
 ParOldGen       total 102912K, used 51674K [0x0000000080000000, 0x0000000086480000, 0x00000000d5580000)
  object space 102912K, 50% used [0x0000000080000000,0x00000000832768b0,0x0000000086480000)
 Metaspace       used 81055K, capacity 85487K, committed 85656K, reserved 1122304K
  class space    used 11174K, capacity 12148K, committed 12208K, reserved 1048576K
Event: 75.916 GC heap after
Heap after GC invocations=16 (full 3):
 PSYoungGen      total 284672K, used 27119K [0x00000000d5580000, 0x00000000ec580000, 0x0000000100000000)
  eden space 257536K, 0% used [0x00000000d5580000,0x00000000d5580000,0x00000000e5100000)
  from space 27136K, 99% used [0x00000000e5100000,0x00000000e6b7be20,0x00000000e6b80000)
  to   space 44032K, 0% used [0x00000000e9a80000,0x00000000e9a80000,0x00000000ec580000)
 ParOldGen       total 102912K, used 86483K [0x0000000080000000, 0x0000000086480000, 0x00000000d5580000)
  object space 102912K, 84% used [0x0000000080000000,0x0000000085474dd0,0x0000000086480000)
 Metaspace       used 81055K, capacity 85487K, committed 85656K, reserved 1122304K
  class space    used 11174K, capacity 12148K, committed 12208K, reserved 1048576K
}
Event: 75.916 GC heap before
{Heap before GC invocations=17 (full 4):
 PSYoungGen      total 284672K, used 27119K [0x00000000d5580000, 0x00000000ec580000, 0x0000000100000000)
  eden space 257536K, 0% used [0x00000000d5580000,0x00000000d5580000,0x00000000e5100000)
  from space 27136K, 99% used [0x00000000e5100000,0x00000000e6b7be20,0x00000000e6b80000)
  to   space 44032K, 0% used [0x00000000e9a80000,0x00000000e9a80000,0x00000000ec580000)
 ParOldGen       total 102912K, used 86483K [0x0000000080000000, 0x0000000086480000, 0x00000000d5580000)
  object space 102912K, 84% used [0x0000000080000000,0x0000000085474dd0,0x0000000086480000)
 Metaspace       used 81055K, capacity 85487K, committed 85656K, reserved 1122304K
  class space    used 11174K, capacity 12148K, committed 12208K, reserved 1048576K
Event: 76.666 GC heap after
Heap after GC invocations=17 (full 4):
 PSYoungGen      total 284672K, used 0K [0x00000000d5580000, 0x00000000ec580000, 0x0000000100000000)
  eden space 257536K, 0% used [0x00000000d5580000,0x00000000d5580000,0x00000000e5100000)
  from space 27136K, 0% used [0x00000000e5100000,0x00000000e5100000,0x00000000e6b80000)
  to   space 44032K, 0% used [0x00000000e9a80000,0x00000000e9a80000,0x00000000ec580000)
 ParOldGen       total 215040K, used 102544K [0x0000000080000000, 0x000000008d200000, 0x00000000d5580000)
  object space 215040K, 47% used [0x0000000080000000,0x0000000086424190,0x000000008d200000)
 Metaspace       used 80167K, capacity 83377K, committed 85656K, reserved 1122304K
  class space    used 10863K, capacity 11585K, committed 12208K, reserved 1048576K
}
Event: 79.883 GC heap before
{Heap before GC invocations=18 (full 4):
 PSYoungGen      total 284672K, used 257237K [0x00000000d5580000, 0x00000000ec580000, 0x0000000100000000)
  eden space 257536K, 99% used [0x00000000d5580000,0x00000000e50b56c8,0x00000000e5100000)
  from space 27136K, 0% used [0x00000000e5100000,0x00000000e5100000,0x00000000e6b80000)
  to   space 44032K, 0% used [0x00000000e9a80000,0x00000000e9a80000,0x00000000ec580000)
 ParOldGen       total 215040K, used 102544K [0x0000000080000000, 0x000000008d200000, 0x00000000d5580000)
  object space 215040K, 47% used [0x0000000080000000,0x0000000086424190,0x000000008d200000)
 Metaspace       used 84494K, capacity 88453K, committed 89368K, reserved 1126400K
  class space    used 11451K, capacity 12241K, committed 12592K, reserved 1048576K
Event: 79.990 GC heap after
Heap after GC invocations=18 (full 4):
 PSYoungGen      total 319488K, used 44026K [0x00000000d5580000, 0x00000000eee80000, 0x0000000100000000)
  eden space 275456K, 0% used [0x00000000d5580000,0x00000000d5580000,0x00000000e6280000)
  from space 44032K, 99% used [0x00000000e9a80000,0x00000000ec57ead0,0x00000000ec580000)
  to   space 57344K, 0% used [0x00000000e6280000,0x00000000e6280000,0x00000000e9a80000)
 ParOldGen       total 215040K, used 118792K [0x0000000080000000, 0x000000008d200000, 0x00000000d5580000)
  object space 215040K, 55% used [0x0000000080000000,0x0000000087402308,0x000000008d200000)
 Metaspace       used 84494K, capacity 88453K, committed 89368K, reserved 1126400K
  class space    used 11451K, capacity 12241K, committed 12592K, reserved 1048576K
}
Event: 352.685 GC heap before
{Heap before GC invocations=19 (full 4):
 PSYoungGen      total 319488K, used 319482K [0x00000000d5580000, 0x00000000eee80000, 0x0000000100000000)
  eden space 275456K, 100% used [0x00000000d5580000,0x00000000e6280000,0x00000000e6280000)
  from space 44032K, 99% used [0x00000000e9a80000,0x00000000ec57ead0,0x00000000ec580000)
  to   space 57344K, 0% used [0x00000000e6280000,0x00000000e6280000,0x00000000e9a80000)
 ParOldGen       total 215040K, used 118792K [0x0000000080000000, 0x000000008d200000, 0x00000000d5580000)
  object space 215040K, 55% used [0x0000000080000000,0x0000000087402308,0x000000008d200000)
 Metaspace       used 90241K, capacity 94569K, committed 95256K, reserved 1132544K
  class space    used 11952K, capacity 12823K, committed 13104K, reserved 1048576K
Event: 354.631 GC heap after
Heap after GC invocations=19 (full 4):
 PSYoungGen      total 332800K, used 20327K [0x00000000d5580000, 0x00000000ef900000, 0x0000000100000000)
  eden space 275456K, 0% used [0x00000000d5580000,0x00000000d5580000,0x00000000e6280000)
  from space 57344K, 35% used [0x00000000e6280000,0x00000000e7659d18,0x00000000e9a80000)
  to   space 54272K, 0% used [0x00000000ec400000,0x00000000ec400000,0x00000000ef900000)
 ParOldGen       total 215040K, used 151794K [0x0000000080000000, 0x000000008d200000, 0x00000000d5580000)
  object space 215040K, 70% used [0x0000000080000000,0x000000008943c940,0x000000008d200000)
 Metaspace       used 90241K, capacity 94569K, committed 95256K, reserved 1132544K
  class space    used 11952K, capacity 12823K, committed 13104K, reserved 1048576K
}
Event: 369.402 GC heap before
{Heap before GC invocations=20 (full 4):
 PSYoungGen      total 332800K, used 295783K [0x00000000d5580000, 0x00000000ef900000, 0x0000000100000000)
  eden space 275456K, 100% used [0x00000000d5580000,0x00000000e6280000,0x00000000e6280000)
  from space 57344K, 35% used [0x00000000e6280000,0x00000000e7659d18,0x00000000e9a80000)
  to   space 54272K, 0% used [0x00000000ec400000,0x00000000ec400000,0x00000000ef900000)
 ParOldGen       total 215040K, used 151794K [0x0000000080000000, 0x000000008d200000, 0x00000000d5580000)
  object space 215040K, 70% used [0x0000000080000000,0x000000008943c940,0x000000008d200000)
 Metaspace       used 91452K, capacity 96095K, committed 96536K, reserved 1132544K
  class space    used 12040K, capacity 12954K, committed 13104K, reserved 1048576K
Event: 369.907 GC heap after
Heap after GC invocations=20 (full 4):
 PSYoungGen      total 378368K, used 22514K [0x00000000d5580000, 0x00000000f0000000, 0x0000000100000000)
  eden space 324096K, 0% used [0x00000000d5580000,0x00000000d5580000,0x00000000e9200000)
  from space 54272K, 41% used [0x00000000ec400000,0x00000000ed9fcb20,0x00000000ef900000)
  to   space 51200K, 0% used [0x00000000e9200000,0x00000000e9200000,0x00000000ec400000)
 ParOldGen       total 215040K, used 151802K [0x0000000080000000, 0x000000008d200000, 0x00000000d5580000)
  object space 215040K, 70% used [0x0000000080000000,0x000000008943e940,0x000000008d200000)
 Metaspace       used 91452K, capacity 96095K, committed 96536K, reserved 1132544K
  class space    used 12040K, capacity 12954K, committed 13104K, reserved 1048576K
}

