# JRE version: OpenJDK Runtime Environment (8.0_242-b01) (build 1.8.0_242-release-1644-b01)
# Java VM: OpenJDK 64-Bit Server VM (25.242-b01 mixed mode windows-amd64 compressed oops)
Heap:
 PSYoungGen      total 577024K, used 414431K [0x00000000d5580000, 0x00000000fdf80000, 0x0000000100000000)
  eden space 506880K, 75% used [0x00000000d5580000,0x00000000eccdacd0,0x00000000f4480000)
  from space 70144K, 42% used [0x00000000f4480000,0x00000000f61dd2f8,0x00000000f8900000)
  to   space 52224K, 0% used [0x00000000fac80000,0x00000000fac80000,0x00000000fdf80000)
 ParOldGen       total 217600K, used 141648K [0x0000000080000000, 0x000000008d480000, 0x00000000d5580000)
  object space 217600K, 65% used [0x0000000080000000,0x0000000088a54048,0x000000008d480000)
 Metaspace       used 93792K, capacity 98726K, committed 99224K, reserved 1134592K
  class space    used 12203K, capacity 13073K, committed 13232K, reserved 1048576K
GC Heap History (10 events):
Event: 3445.495 GC heap before
{Heap before GC invocations=30 (full 5):
 PSYoungGen      total 574464K, used 533436K [0x00000000d5580000, 0x00000000fcd80000, 0x0000000100000000)
  eden space 506880K, 100% used [0x00000000d5580000,0x00000000f4480000,0x00000000f4480000)
  from space 67584K, 39% used [0x00000000f8b80000,0x00000000fa56f358,0x00000000fcd80000)
  to   space 70144K, 0% used [0x00000000f4480000,0x00000000f4480000,0x00000000f8900000)
 ParOldGen       total 217600K, used 114630K [0x0000000080000000, 0x000000008d480000, 0x00000000d5580000)
  object space 217600K, 52% used [0x0000000080000000,0x0000000086ff1940,0x000000008d480000)
 Metaspace       used 93637K, capacity 98436K, committed 98968K, reserved 1134592K
  class space    used 12193K, capacity 13058K, committed 13232K, reserved 1048576K
Event: 3445.553 GC heap after
Heap after GC invocations=30 (full 5):
 PSYoungGen      total 577024K, used 29825K [0x00000000d5580000, 0x00000000fcd80000, 0x0000000100000000)
  eden space 506880K, 0% used [0x00000000d5580000,0x00000000d5580000,0x00000000f4480000)
  from space 70144K, 42% used [0x00000000f4480000,0x00000000f61a0528,0x00000000f8900000)
  to   space 67584K, 0% used [0x00000000f8b80000,0x00000000f8b80000,0x00000000fcd80000)
 ParOldGen       total 217600K, used 114630K [0x0000000080000000, 0x000000008d480000, 0x00000000d5580000)
  object space 217600K, 52% used [0x0000000080000000,0x0000000086ff1940,0x000000008d480000)
 Metaspace       used 93637K, capacity 98436K, committed 98968K, reserved 1134592K
  class space    used 12193K, capacity 13058K, committed 13232K, reserved 1048576K
}
Event: 3447.362 GC heap before
{Heap before GC invocations=31 (full 5):
 PSYoungGen      total 577024K, used 536705K [0x00000000d5580000, 0x00000000fcd80000, 0x0000000100000000)
  eden space 506880K, 100% used [0x00000000d5580000,0x00000000f4480000,0x00000000f4480000)
  from space 70144K, 42% used [0x00000000f4480000,0x00000000f61a0528,0x00000000f8900000)
  to   space 67584K, 0% used [0x00000000f8b80000,0x00000000f8b80000,0x00000000fcd80000)
 ParOldGen       total 217600K, used 114630K [0x0000000080000000, 0x000000008d480000, 0x00000000d5580000)
  object space 217600K, 52% used [0x0000000080000000,0x0000000086ff1940,0x000000008d480000)
 Metaspace       used 93671K, capacity 98504K, committed 99224K, reserved 1134592K
  class space    used 12193K, capacity 13058K, committed 13232K, reserved 1048576K
Event: 3447.437 GC heap after
Heap after GC invocations=31 (full 5):
 PSYoungGen      total 574464K, used 32556K [0x00000000d5580000, 0x00000000fcd80000, 0x0000000100000000)
  eden space 506880K, 0% used [0x00000000d5580000,0x00000000d5580000,0x00000000f4480000)
  from space 67584K, 48% used [0x00000000f8b80000,0x00000000fab4b1e8,0x00000000fcd80000)
  to   space 70144K, 0% used [0x00000000f4480000,0x00000000f4480000,0x00000000f8900000)
 ParOldGen       total 217600K, used 114630K [0x0000000080000000, 0x000000008d480000, 0x00000000d5580000)
  object space 217600K, 52% used [0x0000000080000000,0x0000000086ff1940,0x000000008d480000)
 Metaspace       used 93671K, capacity 98504K, committed 99224K, reserved 1134592K
  class space    used 12193K, capacity 13058K, committed 13232K, reserved 1048576K
}
Event: 3448.938 GC heap before
{Heap before GC invocations=32 (full 5):
 PSYoungGen      total 574464K, used 539436K [0x00000000d5580000, 0x00000000fcd80000, 0x0000000100000000)
  eden space 506880K, 100% used [0x00000000d5580000,0x00000000f4480000,0x00000000f4480000)
  from space 67584K, 48% used [0x00000000f8b80000,0x00000000fab4b1e8,0x00000000fcd80000)
  to   space 70144K, 0% used [0x00000000f4480000,0x00000000f4480000,0x00000000f8900000)
 ParOldGen       total 217600K, used 114630K [0x0000000080000000, 0x000000008d480000, 0x00000000d5580000)
  object space 217600K, 52% used [0x0000000080000000,0x0000000086ff1940,0x000000008d480000)
 Metaspace       used 93683K, capacity 98508K, committed 99224K, reserved 1134592K
  class space    used 12193K, capacity 13058K, committed 13232K, reserved 1048576K
Event: 3449.125 GC heap after
Heap after GC invocations=32 (full 5):
 PSYoungGen      total 577024K, used 28385K [0x00000000d5580000, 0x00000000fcd80000, 0x0000000100000000)
  eden space 506880K, 0% used [0x00000000d5580000,0x00000000d5580000,0x00000000f4480000)
  from space 70144K, 40% used [0x00000000f4480000,0x00000000f6038438,0x00000000f8900000)
  to   space 67584K, 0% used [0x00000000f8b80000,0x00000000f8b80000,0x00000000fcd80000)
 ParOldGen       total 217600K, used 128868K [0x0000000080000000, 0x000000008d480000, 0x00000000d5580000)
  object space 217600K, 59% used [0x0000000080000000,0x0000000087dd92f8,0x000000008d480000)
 Metaspace       used 93683K, capacity 98508K, committed 99224K, reserved 1134592K
  class space    used 12193K, capacity 13058K, committed 13232K, reserved 1048576K
}
Event: 3450.545 GC heap before
{Heap before GC invocations=33 (full 5):
 PSYoungGen      total 577024K, used 535265K [0x00000000d5580000, 0x00000000fcd80000, 0x0000000100000000)
  eden space 506880K, 100% used [0x00000000d5580000,0x00000000f4480000,0x00000000f4480000)
  from space 70144K, 40% used [0x00000000f4480000,0x00000000f6038438,0x00000000f8900000)
  to   space 67584K, 0% used [0x00000000f8b80000,0x00000000f8b80000,0x00000000fcd80000)
 ParOldGen       total 217600K, used 128868K [0x0000000080000000, 0x000000008d480000, 0x00000000d5580000)
  object space 217600K, 59% used [0x0000000080000000,0x0000000087dd92f8,0x000000008d480000)
 Metaspace       used 93705K, capacity 98510K, committed 99224K, reserved 1134592K
  class space    used 12194K, capacity 13059K, committed 13232K, reserved 1048576K
Event: 3450.625 GC heap after
Heap after GC invocations=33 (full 5):
 PSYoungGen      total 574464K, used 24819K [0x00000000d5580000, 0x00000000fcd80000, 0x0000000100000000)
  eden space 506880K, 0% used [0x00000000d5580000,0x00000000d5580000,0x00000000f4480000)
  from space 67584K, 36% used [0x00000000f8b80000,0x00000000fa3bcfa0,0x00000000fcd80000)
  to   space 70144K, 0% used [0x00000000f4480000,0x00000000f4480000,0x00000000f8900000)
 ParOldGen       total 217600K, used 134592K [0x0000000080000000, 0x000000008d480000, 0x00000000d5580000)
  object space 217600K, 61% used [0x0000000080000000,0x0000000088370338,0x000000008d480000)
 Metaspace       used 93705K, capacity 98510K, committed 99224K, reserved 1134592K
  class space    used 12194K, capacity 13059K, committed 13232K, reserved 1048576K
}
Event: 3452.210 GC heap before
{Heap before GC invocations=34 (full 5):
 PSYoungGen      total 574464K, used 531699K [0x00000000d5580000, 0x00000000fcd80000, 0x0000000100000000)
  eden space 506880K, 100% used [0x00000000d5580000,0x00000000f4480000,0x00000000f4480000)
  from space 67584K, 36% used [0x00000000f8b80000,0x00000000fa3bcfa0,0x00000000fcd80000)
  to   space 70144K, 0% used [0x00000000f4480000,0x00000000f4480000,0x00000000f8900000)
 ParOldGen       total 217600K, used 134592K [0x0000000080000000, 0x000000008d480000, 0x00000000d5580000)
  object space 217600K, 61% used [0x0000000080000000,0x0000000088370338,0x000000008d480000)
 Metaspace       used 93784K, capacity 98720K, committed 99224K, reserved 1134592K
  class space    used 12202K, capacity 13072K, committed 13232K, reserved 1048576K
Event: 3452.274 GC heap after
Heap after GC invocations=34 (full 5):
 PSYoungGen      total 577024K, used 30068K [0x00000000d5580000, 0x00000000fdf80000, 0x0000000100000000)
  eden space 506880K, 0% used [0x00000000d5580000,0x00000000d5580000,0x00000000f4480000)
  from space 70144K, 42% used [0x00000000f4480000,0x00000000f61dd2f8,0x00000000f8900000)
  to   space 52224K, 0% used [0x00000000fac80000,0x00000000fac80000,0x00000000fdf80000)
 ParOldGen       total 217600K, used 141648K [0x0000000080000000, 0x000000008d480000, 0x00000000d5580000)
  object space 217600K, 65% used [0x0000000080000000,0x0000000088a54048,0x000000008d480000)
 Metaspace       used 93784K, capacity 98720K, committed 99224K, reserved 1134592K
  class space    used 12202K, capacity 13072K, committed 13232K, reserved 1048576K
}

